{"C:\\Users\\dawid\\WebstormProjects\\pokeguesser\\src\\components\\GuessInput.tsx": {"path":"C:\\Users\\dawid\\WebstormProjects\\pokeguesser\\src\\components\\GuessInput.tsx","statementMap":{"0":{"start":{"line":1,"column":0},"end":{"line":1,"column":38}},"1":{"start":{"line":2,"column":0},"end":{"line":2,"column":69}},"2":{"start":{"line":3,"column":0},"end":{"line":3,"column":33}},"3":{"start":{"line":9,"column":34},"end":{"line":41,"column":1}},"4":{"start":{"line":10,"column":30},"end":{"line":10,"column":50}},"5":{"start":{"line":11,"column":30},"end":{"line":11,"column":50}},"6":{"start":{"line":13,"column":25},"end":{"line":24,"column":null}},"7":{"start":{"line":13,"column":58},"end":{"line":24,"column":null}},"8":{"start":{"line":14,"column":8},"end":{"line":14,"column":31}},"9":{"start":{"line":15,"column":31},"end":{"line":15,"column":50}},"10":{"start":{"line":16,"column":31},"end":{"line":16,"column":74}},"11":{"start":{"line":17,"column":8},"end":{"line":20,"column":9}},"12":{"start":{"line":18,"column":12},"end":{"line":18,"column":null}},"13":{"start":{"line":19,"column":12},"end":{"line":19,"column":18}},"14":{"start":{"line":21,"column":8},"end":{"line":21,"column":null}},"15":{"start":{"line":22,"column":8},"end":{"line":22,"column":null}},"16":{"start":{"line":23,"column":8},"end":{"line":23,"column":null}},"17":{"start":{"line":25,"column":4},"end":{"line":40,"column":null}},"18":{"start":{"line":33,"column":41},"end":{"line":33,"column":69}},"19":{"start":{"line":42,"column":0},"end":{"line":42,"column":null}}},"fnMap":{"0":{"name":"(anonymous_7)","decl":{"start":{"line":9,"column":34},"end":{"line":9,"column":35}},"loc":{"start":{"line":9,"column":55},"end":{"line":41,"column":1}}},"1":{"name":"(anonymous_8)","decl":{"start":{"line":13,"column":25},"end":{"line":13,"column":32}},"loc":{"start":{"line":13,"column":58},"end":{"line":24,"column":null}}},"2":{"name":"(anonymous_9)","decl":{"start":{"line":13,"column":58},"end":{"line":13,"column":null}},"loc":{"start":{"line":13,"column":58},"end":{"line":24,"column":5}}},"3":{"name":"(anonymous_10)","decl":{"start":{"line":33,"column":30},"end":{"line":33,"column":31}},"loc":{"start":{"line":33,"column":41},"end":{"line":33,"column":69}}}},"branchMap":{"0":{"loc":{"start":{"line":17,"column":8},"end":{"line":20,"column":9}},"type":"if","locations":[{"start":{"line":17,"column":8},"end":{"line":20,"column":9}}]},"1":{"loc":{"start":{"line":38,"column":13},"end":{"line":38,"column":59}},"type":"binary-expr","locations":[{"start":{"line":38,"column":13},"end":{"line":38,"column":18}},{"start":{"line":38,"column":22},"end":{"line":38,"column":59}}]}},"s":{"0":1,"1":1,"2":1,"3":1,"4":14,"5":14,"6":14,"7":4,"8":4,"9":4,"10":4,"11":4,"12":2,"13":2,"14":2,"15":2,"16":2,"17":14,"18":5,"19":1},"f":{"0":14,"1":4,"2":4,"3":5},"b":{"0":[2],"1":[14,3]}}
,"C:\\Users\\dawid\\WebstormProjects\\pokeguesser\\src\\services\\pokemonService.tsx": {"path":"C:\\Users\\dawid\\WebstormProjects\\pokeguesser\\src\\services\\pokemonService.tsx","statementMap":{"0":{"start":{"line":2,"column":0},"end":{"line":2,"column":57}},"1":{"start":{"line":5,"column":32},"end":{"line":21,"column":null}},"2":{"start":{"line":5,"column":61},"end":{"line":21,"column":null}},"3":{"start":{"line":6,"column":22},"end":{"line":6,"column":54}},"4":{"start":{"line":7,"column":28},"end":{"line":8,"column":44}},"5":{"start":{"line":8,"column":28},"end":{"line":8,"column":43}},"6":{"start":{"line":9,"column":28},"end":{"line":10,"column":44}},"7":{"start":{"line":10,"column":28},"end":{"line":10,"column":43}},"8":{"start":{"line":11,"column":4},"end":{"line":20,"column":null}},"9":{"start":{"line":17,"column":60},"end":{"line":17,"column":78}},"10":{"start":{"line":5,"column":13},"end":{"line":5,"column":32}},"11":{"start":{"line":22,"column":30},"end":{"line":37,"column":null}},"12":{"start":{"line":22,"column":71},"end":{"line":37,"column":null}},"13":{"start":{"line":23,"column":28},"end":{"line":24,"column":44}},"14":{"start":{"line":24,"column":28},"end":{"line":24,"column":43}},"15":{"start":{"line":25,"column":28},"end":{"line":26,"column":44}},"16":{"start":{"line":26,"column":28},"end":{"line":26,"column":43}},"17":{"start":{"line":27,"column":4},"end":{"line":36,"column":null}},"18":{"start":{"line":33,"column":60},"end":{"line":33,"column":78}},"19":{"start":{"line":22,"column":13},"end":{"line":22,"column":30}},"20":{"start":{"line":39,"column":37},"end":{"line":42,"column":null}},"21":{"start":{"line":39,"column":78},"end":{"line":42,"column":null}},"22":{"start":{"line":40,"column":38},"end":{"line":40,"column":94}},"23":{"start":{"line":41,"column":4},"end":{"line":41,"column":null}},"24":{"start":{"line":39,"column":13},"end":{"line":39,"column":37}}},"fnMap":{"0":{"name":"(anonymous_7)","decl":{"start":{"line":5,"column":32},"end":{"line":5,"column":59}},"loc":{"start":{"line":5,"column":61},"end":{"line":21,"column":null}}},"1":{"name":"(anonymous_8)","decl":{"start":{"line":5,"column":61},"end":{"line":5,"column":null}},"loc":{"start":{"line":5,"column":61},"end":{"line":21,"column":1}}},"2":{"name":"(anonymous_9)","decl":{"start":{"line":8,"column":14},"end":{"line":8,"column":15}},"loc":{"start":{"line":8,"column":28},"end":{"line":8,"column":43}}},"3":{"name":"(anonymous_10)","decl":{"start":{"line":10,"column":14},"end":{"line":10,"column":15}},"loc":{"start":{"line":10,"column":28},"end":{"line":10,"column":43}}},"4":{"name":"(anonymous_11)","decl":{"start":{"line":17,"column":41},"end":{"line":17,"column":42}},"loc":{"start":{"line":17,"column":60},"end":{"line":17,"column":78}}},"5":{"name":"(anonymous_12)","decl":{"start":{"line":22,"column":30},"end":{"line":22,"column":37}},"loc":{"start":{"line":22,"column":71},"end":{"line":37,"column":null}}},"6":{"name":"(anonymous_13)","decl":{"start":{"line":22,"column":71},"end":{"line":22,"column":null}},"loc":{"start":{"line":22,"column":71},"end":{"line":37,"column":1}}},"7":{"name":"(anonymous_14)","decl":{"start":{"line":24,"column":14},"end":{"line":24,"column":15}},"loc":{"start":{"line":24,"column":28},"end":{"line":24,"column":43}}},"8":{"name":"(anonymous_15)","decl":{"start":{"line":26,"column":14},"end":{"line":26,"column":15}},"loc":{"start":{"line":26,"column":28},"end":{"line":26,"column":43}}},"9":{"name":"(anonymous_16)","decl":{"start":{"line":33,"column":41},"end":{"line":33,"column":42}},"loc":{"start":{"line":33,"column":60},"end":{"line":33,"column":78}}},"10":{"name":"(anonymous_17)","decl":{"start":{"line":39,"column":37},"end":{"line":39,"column":44}},"loc":{"start":{"line":39,"column":78},"end":{"line":42,"column":null}}},"11":{"name":"(anonymous_18)","decl":{"start":{"line":39,"column":78},"end":{"line":39,"column":null}},"loc":{"start":{"line":39,"column":78},"end":{"line":42,"column":1}}}},"branchMap":{},"s":{"0":2,"1":2,"2":1,"3":1,"4":1,"5":1,"6":1,"7":1,"8":1,"9":1,"10":2,"11":2,"12":1,"13":1,"14":1,"15":1,"16":1,"17":1,"18":1,"19":2,"20":2,"21":2,"22":2,"23":2,"24":2},"f":{"0":1,"1":1,"2":1,"3":1,"4":1,"5":1,"6":1,"7":1,"8":1,"9":1,"10":2,"11":2},"b":{}}
,"C:\\Users\\dawid\\WebstormProjects\\pokeguesser\\src\\utils\\romanToNumber.tsx": {"path":"C:\\Users\\dawid\\WebstormProjects\\pokeguesser\\src\\utils\\romanToNumber.tsx","statementMap":{"0":{"start":{"line":1,"column":0},"end":{"line":1,"column":16}},"1":{"start":{"line":2,"column":45},"end":{"line":6,"column":null}},"2":{"start":{"line":8,"column":16},"end":{"line":8,"column":17}},"3":{"start":{"line":9,"column":24},"end":{"line":9,"column":25}},"4":{"start":{"line":10,"column":4},"end":{"line":18,"column":5}},"5":{"start":{"line":10,"column":17},"end":{"line":10,"column":33}},"6":{"start":{"line":11,"column":29},"end":{"line":11,"column":47}},"7":{"start":{"line":12,"column":8},"end":{"line":16,"column":9}},"8":{"start":{"line":13,"column":12},"end":{"line":13,"column":null}},"9":{"start":{"line":15,"column":12},"end":{"line":15,"column":null}},"10":{"start":{"line":17,"column":8},"end":{"line":17,"column":null}},"11":{"start":{"line":19,"column":4},"end":{"line":19,"column":null}}},"fnMap":{"0":{"name":"romanToNumber","decl":{"start":{"line":1,"column":16},"end":{"line":1,"column":29}},"loc":{"start":{"line":1,"column":43},"end":{"line":20,"column":1}}}},"branchMap":{"0":{"loc":{"start":{"line":12,"column":8},"end":{"line":16,"column":9}},"type":"if","locations":[{"start":{"line":12,"column":8},"end":{"line":16,"column":9}},{"start":{"line":14,"column":15},"end":{"line":16,"column":9}}]}},"s":{"0":2,"1":0,"2":0,"3":0,"4":0,"5":0,"6":0,"7":0,"8":0,"9":0,"10":0,"11":0},"f":{"0":0},"b":{"0":[0,0]}}
}
