TN:
SF:src\components\GuessInput.tsx
FN:9,(anonymous_7)
FN:13,(anonymous_8)
FN:13,(anonymous_9)
FN:33,(anonymous_10)
FNF:4
FNH:4
FNDA:14,(anonymous_7)
FNDA:4,(anonymous_8)
FNDA:4,(anonymous_9)
FNDA:5,(anonymous_10)
DA:1,1
DA:2,1
DA:3,1
DA:9,1
DA:10,14
DA:11,14
DA:13,14
DA:14,4
DA:15,4
DA:16,4
DA:17,4
DA:18,2
DA:19,2
DA:21,2
DA:22,2
DA:23,2
DA:25,14
DA:33,5
DA:42,1
LF:19
LH:19
BRDA:17,0,0,2
BRDA:38,1,0,14
BRDA:38,1,1,3
BRF:3
BRH:3
end_of_record
TN:
SF:src\services\pokemonService.tsx
FN:5,(anonymous_7)
FN:5,(anonymous_8)
FN:8,(anonymous_9)
FN:10,(anonymous_10)
FN:17,(anonymous_11)
FN:22,(anonymous_12)
FN:22,(anonymous_13)
FN:24,(anonymous_14)
FN:26,(anonymous_15)
FN:33,(anonymous_16)
FN:39,(anonymous_17)
FN:39,(anonymous_18)
FNF:12
FNH:12
FNDA:1,(anonymous_7)
FNDA:1,(anonymous_8)
FNDA:1,(anonymous_9)
FNDA:1,(anonymous_10)
FNDA:1,(anonymous_11)
FNDA:1,(anonymous_12)
FNDA:1,(anonymous_13)
FNDA:1,(anonymous_14)
FNDA:1,(anonymous_15)
FNDA:1,(anonymous_16)
FNDA:2,(anonymous_17)
FNDA:2,(anonymous_18)
DA:2,2
DA:5,2
DA:6,1
DA:7,1
DA:8,1
DA:9,1
DA:10,1
DA:11,1
DA:17,1
DA:22,2
DA:23,1
DA:24,1
DA:25,1
DA:26,1
DA:27,1
DA:33,1
DA:39,2
DA:40,2
DA:41,2
LF:19
LH:19
BRF:0
BRH:0
end_of_record
TN:
SF:src\utils\romanToNumber.tsx
FN:1,romanToNumber
FNF:1
FNH:0
FNDA:0,romanToNumber
DA:1,2
DA:2,0
DA:8,0
DA:9,0
DA:10,0
DA:11,0
DA:12,0
DA:13,0
DA:15,0
DA:17,0
DA:19,0
LF:11
LH:1
BRDA:12,0,0,0
BRDA:12,0,1,0
BRF:2
BRH:0
end_of_record
